[22:37:20.340] [INFO] storybook v10.2.13
[22:37:20.663] [DEBUG] Getting package.json info for /Users/yasin.yuan/Desktop/tmp/components/package.json...
[22:37:20.665] [WARN] You are currently using Storybook [1m10.2.13[22m but you have packages which are incompatible with it:

- @storybook/addon-essentials@8.6.14 which depends on 8.6.14
 Repo: https://github.com/storybookjs/storybook/tree/next/code/addons/essentials
- @storybook/addon-interactions@8.6.14 which depends on 8.6.14
 Repo: https://github.com/storybookjs/storybook/tree/next/code/addons/interactions

Please consider updating your packages or contacting the maintainers for compatibility details.

For more details on compatibility guidance, see:
https://github.com/storybookjs/storybook/issues/32836
[22:37:21.111] [INFO] Starting...
[22:37:21.211] [DEBUG] Starting preview..
[22:37:21.220] [INFO] Using implicit CSS loaders
[22:37:21.222] [INFO] Using default Webpack5 setup
[22:37:21.581] [DEBUG] Using tsconfig paths for react-docgen
[22:37:22.214] [ERROR] Failed to build the preview
[22:37:22.227] [WARN] Force closed preview build
[22:37:22.228] [ERROR] [38;2;241;97;97mSB_BUILDER-WEBPACK5_0003 (WebpackCompilationError): There were problems when compiling your code with Webpack.
Run Storybook with --debug-webpack for more information.[39m
    at starter (file://./node_modules/@storybook/builder-webpack5/dist/index.js:799:11)
    at starter.next (<anonymous>)
    at Module.start (file://./node_modules/@storybook/builder-webpack5/dist/index.js:857:34)
    at process.processTicksAndRejections (node:internal/process/task_queues:105:5)
    at async storybookDevServer (file://./node_modules/storybook/dist/core-server/index.js:7241:83)
    at async buildOrThrow (file://./node_modules/storybook/dist/core-server/index.js:4504:12)
    at async buildDevStandalone (file://./node_modules/storybook/dist/core-server/index.js:7611:66)
    at async withTelemetry (file://./node_modules/storybook/dist/_node-chunks/chunk-WGZQUMPK.js:218:12)
    at async dev (file://./node_modules/storybook/dist/bin/core.js:2734:3)
    at async _Command.<anonymous> (file://./node_modules/storybook/dist/bin/core.js:2803:92)
[22:37:22.231] [WARN] Broken build, fix the error above.
You may need to refresh the browser.